{"/Users/menachi/Documents/web_class/2025/app_d/server.js": {"path":"/Users/menachi/Documents/web_class/2025/app_d/server.js","statementMap":{"0":{"start":{"line":1,"column":16},"end":{"line":1,"column":34}},"1":{"start":{"line":2,"column":12},"end":{"line":2,"column":21}},"2":{"start":{"line":3,"column":0},"end":{"line":3,"column":27}},"3":{"start":{"line":5,"column":17},"end":{"line":5,"column":36}},"4":{"start":{"line":6,"column":0},"end":{"line":6,"column":44}},"5":{"start":{"line":7,"column":11},"end":{"line":7,"column":30}},"6":{"start":{"line":8,"column":0},"end":{"line":8,"column":48}},"7":{"start":{"line":8,"column":26},"end":{"line":8,"column":46}},"8":{"start":{"line":9,"column":0},"end":{"line":9,"column":60}},"9":{"start":{"line":9,"column":22},"end":{"line":9,"column":58}},"10":{"start":{"line":11,"column":19},"end":{"line":11,"column":41}},"11":{"start":{"line":12,"column":0},"end":{"line":12,"column":27}},"12":{"start":{"line":13,"column":0},"end":{"line":13,"column":51}},"13":{"start":{"line":15,"column":19},"end":{"line":15,"column":50}},"14":{"start":{"line":16,"column":0},"end":{"line":16,"column":30}},"15":{"start":{"line":18,"column":0},"end":{"line":20,"column":3}},"16":{"start":{"line":19,"column":2},"end":{"line":19,"column":27}},"17":{"start":{"line":22,"column":0},"end":{"line":22,"column":21}}},"fnMap":{"0":{"name":"(anonymous_0)","decl":{"start":{"line":8,"column":15},"end":{"line":8,"column":16}},"loc":{"start":{"line":8,"column":26},"end":{"line":8,"column":46}},"line":8},"1":{"name":"(anonymous_1)","decl":{"start":{"line":9,"column":16},"end":{"line":9,"column":17}},"loc":{"start":{"line":9,"column":22},"end":{"line":9,"column":58}},"line":9},"2":{"name":"(anonymous_2)","decl":{"start":{"line":18,"column":18},"end":{"line":18,"column":19}},"loc":{"start":{"line":18,"column":32},"end":{"line":20,"column":1}},"line":18}},"branchMap":{},"s":{"0":1,"1":1,"2":1,"3":1,"4":1,"5":1,"6":1,"7":0,"8":1,"9":1,"10":1,"11":1,"12":1,"13":1,"14":1,"15":1,"16":0,"17":1},"f":{"0":0,"1":1,"2":0},"b":{},"_coverageSchema":"1a1c01bbd47fc00a2c39e90264f33305004495a9","hash":"d210664b71ee20490034f1d6c4bcbd0904005e1d"}
,"/Users/menachi/Documents/web_class/2025/app_d/controllers/posts_controller.js": {"path":"/Users/menachi/Documents/web_class/2025/app_d/controllers/posts_controller.js","statementMap":{"0":{"start":{"line":1,"column":18},"end":{"line":1,"column":50}},"1":{"start":{"line":3,"column":20},"end":{"line":16,"column":1}},"2":{"start":{"line":4,"column":22},"end":{"line":4,"column":37}},"3":{"start":{"line":5,"column":2},"end":{"line":15,"column":3}},"4":{"start":{"line":6,"column":4},"end":{"line":12,"column":5}},"5":{"start":{"line":7,"column":20},"end":{"line":7,"column":64}},"6":{"start":{"line":8,"column":6},"end":{"line":8,"column":34}},"7":{"start":{"line":10,"column":20},"end":{"line":10,"column":42}},"8":{"start":{"line":11,"column":6},"end":{"line":11,"column":34}},"9":{"start":{"line":14,"column":4},"end":{"line":14,"column":40}},"10":{"start":{"line":18,"column":20},"end":{"line":30,"column":1}},"11":{"start":{"line":19,"column":17},"end":{"line":19,"column":30}},"12":{"start":{"line":20,"column":2},"end":{"line":29,"column":3}},"13":{"start":{"line":21,"column":17},"end":{"line":21,"column":49}},"14":{"start":{"line":22,"column":4},"end":{"line":26,"column":5}},"15":{"start":{"line":23,"column":6},"end":{"line":23,"column":52}},"16":{"start":{"line":25,"column":6},"end":{"line":25,"column":40}},"17":{"start":{"line":28,"column":4},"end":{"line":28,"column":40}},"18":{"start":{"line":32,"column":19},"end":{"line":40,"column":1}},"19":{"start":{"line":33,"column":15},"end":{"line":33,"column":23}},"20":{"start":{"line":34,"column":2},"end":{"line":39,"column":3}},"21":{"start":{"line":35,"column":20},"end":{"line":35,"column":48}},"22":{"start":{"line":36,"column":4},"end":{"line":36,"column":34}},"23":{"start":{"line":38,"column":4},"end":{"line":38,"column":32}},"24":{"start":{"line":42,"column":19},"end":{"line":50,"column":1}},"25":{"start":{"line":43,"column":17},"end":{"line":43,"column":30}},"26":{"start":{"line":44,"column":2},"end":{"line":49,"column":3}},"27":{"start":{"line":45,"column":4},"end":{"line":45,"column":46}},"28":{"start":{"line":46,"column":4},"end":{"line":46,"column":27}},"29":{"start":{"line":48,"column":4},"end":{"line":48,"column":32}},"30":{"start":{"line":52,"column":0},"end":{"line":57,"column":2}}},"fnMap":{"0":{"name":"(anonymous_0)","decl":{"start":{"line":3,"column":20},"end":{"line":3,"column":21}},"loc":{"start":{"line":3,"column":40},"end":{"line":16,"column":1}},"line":3},"1":{"name":"(anonymous_1)","decl":{"start":{"line":18,"column":20},"end":{"line":18,"column":21}},"loc":{"start":{"line":18,"column":40},"end":{"line":30,"column":1}},"line":18},"2":{"name":"(anonymous_2)","decl":{"start":{"line":32,"column":19},"end":{"line":32,"column":20}},"loc":{"start":{"line":32,"column":39},"end":{"line":40,"column":1}},"line":32},"3":{"name":"(anonymous_3)","decl":{"start":{"line":42,"column":19},"end":{"line":42,"column":20}},"loc":{"start":{"line":42,"column":39},"end":{"line":50,"column":1}},"line":42}},"branchMap":{"0":{"loc":{"start":{"line":6,"column":4},"end":{"line":12,"column":5}},"type":"if","locations":[{"start":{"line":6,"column":4},"end":{"line":12,"column":5}},{"start":{"line":9,"column":11},"end":{"line":12,"column":5}}],"line":6},"1":{"loc":{"start":{"line":22,"column":4},"end":{"line":26,"column":5}},"type":"if","locations":[{"start":{"line":22,"column":4},"end":{"line":26,"column":5}},{"start":{"line":24,"column":11},"end":{"line":26,"column":5}}],"line":22}},"s":{"0":1,"1":1,"2":3,"3":3,"4":3,"5":1,"6":1,"7":2,"8":2,"9":0,"10":1,"11":2,"12":2,"13":2,"14":2,"15":1,"16":1,"17":0,"18":1,"19":3,"20":3,"21":3,"22":2,"23":1,"24":1,"25":1,"26":1,"27":1,"28":1,"29":0,"30":1},"f":{"0":3,"1":2,"2":3,"3":1},"b":{"0":[1,2],"1":[1,1]},"_coverageSchema":"1a1c01bbd47fc00a2c39e90264f33305004495a9","hash":"ef557a18fbd0c5acfe0f804f8cb091ff974aabb1"}
,"/Users/menachi/Documents/web_class/2025/app_d/models/posts_model.js": {"path":"/Users/menachi/Documents/web_class/2025/app_d/models/posts_model.js","statementMap":{"0":{"start":{"line":1,"column":17},"end":{"line":1,"column":36}},"1":{"start":{"line":2,"column":15},"end":{"line":2,"column":30}},"2":{"start":{"line":4,"column":19},"end":{"line":14,"column":2}},"3":{"start":{"line":16,"column":18},"end":{"line":16,"column":53}},"4":{"start":{"line":18,"column":0},"end":{"line":18,"column":27}}},"fnMap":{},"branchMap":{},"s":{"0":1,"1":1,"2":1,"3":1,"4":1},"f":{},"b":{},"_coverageSchema":"1a1c01bbd47fc00a2c39e90264f33305004495a9","hash":"dc2affe550c20e4610368ebb9991c8eef4b618fe"}
,"/Users/menachi/Documents/web_class/2025/app_d/routes/posts_route.js": {"path":"/Users/menachi/Documents/web_class/2025/app_d/routes/posts_route.js","statementMap":{"0":{"start":{"line":1,"column":16},"end":{"line":1,"column":34}},"1":{"start":{"line":2,"column":15},"end":{"line":2,"column":31}},"2":{"start":{"line":3,"column":24},"end":{"line":3,"column":66}},"3":{"start":{"line":5,"column":0},"end":{"line":5,"column":45}},"4":{"start":{"line":6,"column":0},"end":{"line":6,"column":48}},"5":{"start":{"line":8,"column":0},"end":{"line":8,"column":45}},"6":{"start":{"line":10,"column":0},"end":{"line":10,"column":50}},"7":{"start":{"line":12,"column":0},"end":{"line":12,"column":24}}},"fnMap":{},"branchMap":{},"s":{"0":1,"1":1,"2":1,"3":1,"4":1,"5":1,"6":1,"7":1},"f":{},"b":{},"_coverageSchema":"1a1c01bbd47fc00a2c39e90264f33305004495a9","hash":"835926dd10cce56edf0bbfc67281aedbf3bae306"}
}
